<?xml version="1.0" encoding="UTF-8"?>
<testsuite name="org.exsample.AuthorizationFormTest" tests="1" skipped="0" failures="0" errors="0" timestamp="2023-01-21T16:27:24" hostname="ALEKSEYB" time="2.542">
  <properties/>
  <testcase name="authorizationOK()" classname="org.exsample.AuthorizationFormTest" time="2.542"/>
  <system-out><![CDATA[]]></system-out>
  <system-err><![CDATA[SLF4J: Failed to load class "org.slf4j.impl.StaticLoggerBinder".
SLF4J: Defaulting to no-operation (NOP) logger implementation
SLF4J: See http://www.slf4j.org/codes.html#StaticLoggerBinder for further details.
Starting ChromeDriver 109.0.5414.74 (e7c5703604daa9cc128ccf5a5d3e993513758913-refs/branch-heads/5414@{#1172}) on port 43447
Only local connections are allowed.
Please see https://chromedriver.chromium.org/security-considerations for suggestions on keeping ChromeDriver safe.
ChromeDriver was started successfully.
янв. 21, 2023 7:27:25 PM org.openqa.selenium.remote.ProtocolHandshake createSession
INFO: Detected dialect: W3C
]]></system-err>
</testsuite>
